knowUrMarket/build/outputs/logs/manifest-merger-debug-report.txt
-- Merging decision tree log ---
manifest
ADDED from AndroidManifest.xml:2:1
	package
		ADDED from AndroidManifest.xml:3:5
		INJECTED from AndroidManifest.xml:0:0
		INJECTED from AndroidManifest.xml:0:0
	android:versionName
		ADDED from AndroidManifest.xml:5:5
	android:versionCode
		ADDED from AndroidManifest.xml:4:5
		INJECTED from AndroidManifest.xml:0:0
		INJECTED from AndroidManifest.xml:0:0
	xmlns:android
		ADDED from AndroidManifest.xml:2:11
uses-sdk
ADDED from AndroidManifest.xml:7:5
MERGED from KnowUrMarket:library:unspecified:7:5
MERGED from com.android.support:appcompat-v7:19.1.0:18:5
	android:targetSdkVersion
		ADDED from AndroidManifest.xml:9:9
		INJECTED from AndroidManifest.xml:0:0
		INJECTED from AndroidManifest.xml:0:0
	android:minSdkVersion
		ADDED from AndroidManifest.xml:8:9
		INJECTED from AndroidManifest.xml:0:0
		INJECTED from AndroidManifest.xml:0:0
uses-permission#android.permission.INTERNET
ADDED from AndroidManifest.xml:11:5
	android:name
		ADDED from AndroidManifest.xml:11:22
uses-permission#android.permission.ACCESS_NETWORK_STATE
ADDED from AndroidManifest.xml:13:5
	android:name
		ADDED from AndroidManifest.xml:13:22
uses-permission#android.permission.WRITE_SMS
ADDED from AndroidManifest.xml:14:5
	android:name
		ADDED from AndroidManifest.xml:14:22
uses-permission#android.permission.READ_SMS
ADDED from AndroidManifest.xml:15:5
	android:name
		ADDED from AndroidManifest.xml:15:22
application
ADDED from AndroidManifest.xml:17:5
MERGED from com.android.support:appcompat-v7:19.1.0:19:5
	android:label
		ADDED from AndroidManifest.xml:20:9
	android:allowBackup
		ADDED from AndroidManifest.xml:18:9
	android:icon
		ADDED from AndroidManifest.xml:19:9
	android:theme
		ADDED from AndroidManifest.xml:21:9
activity#com.example.kym.MainActivity
ADDED from AndroidManifest.xml:22:9
	android:screenOrientation
		ADDED from AndroidManifest.xml:25:13
	android:label
		ADDED from AndroidManifest.xml:24:13
	android:name
		ADDED from AndroidManifest.xml:23:13
activity#com.example.kym.TutorialActivity
ADDED from AndroidManifest.xml:27:9
	android:screenOrientation
		ADDED from AndroidManifest.xml:30:13
	android:label
		ADDED from AndroidManifest.xml:29:13
	android:name
		ADDED from AndroidManifest.xml:28:13
activity#com.example.kym.GameActivity
ADDED from AndroidManifest.xml:32:9
	android:screenOrientation
		ADDED from AndroidManifest.xml:36:13
	android:label
		ADDED from AndroidManifest.xml:34:13
	android:theme
		ADDED from AndroidManifest.xml:35:13
	android:name
		ADDED from AndroidManifest.xml:33:13
activity#com.example.kym.FrontActivity
ADDED from AndroidManifest.xml:38:9
	android:screenOrientation
		ADDED from AndroidManifest.xml:41:13
	android:label
		ADDED from AndroidManifest.xml:40:13
	android:name
		ADDED from AndroidManifest.xml:39:13
service#com.example.kym.Service_Order
ADDED from AndroidManifest.xml:44:9
	android:process
		ADDED from AndroidManifest.xml:46:13
	android:name
		ADDED from AndroidManifest.xml:45:13
intent-filter#com.example.kym.Service_Order
ADDED from AndroidManifest.xml:47:13
action#com.example.kym.Service_Order
ADDED from AndroidManifest.xml:48:17
	android:name
		ADDED from AndroidManifest.xml:48:25
activity#com.example.kym.RegActivity
ADDED from AndroidManifest.xml:52:9
	android:screenOrientation
		ADDED from AndroidManifest.xml:56:13
	android:label
		ADDED from AndroidManifest.xml:54:13
	android:noHistory
		ADDED from AndroidManifest.xml:55:13
	android:name
		ADDED from AndroidManifest.xml:53:13
activity#com.example.kym.LoginActivity1
ADDED from AndroidManifest.xml:64:9
	android:screenOrientation
		ADDED from AndroidManifest.xml:67:13
	android:label
		ADDED from AndroidManifest.xml:66:13
	android:name
		ADDED from AndroidManifest.xml:65:13
activity#com.example.kym.HotPicksActivity
ADDED from AndroidManifest.xml:74:9
	android:screenOrientation
		ADDED from AndroidManifest.xml:78:13
	android:label
		ADDED from AndroidManifest.xml:76:13
	android:noHistory
		ADDED from AndroidManifest.xml:77:13
	android:name
		ADDED from AndroidManifest.xml:75:13
activity#com.example.kym.NiftyActivity
ADDED from AndroidManifest.xml:80:9
	android:screenOrientation
		ADDED from AndroidManifest.xml:84:13
	android:label
		ADDED from AndroidManifest.xml:82:13
	android:noHistory
		ADDED from AndroidManifest.xml:83:13
	android:name
		ADDED from AndroidManifest.xml:81:13
activity#com.example.kym.ReportActivity
ADDED from AndroidManifest.xml:86:9
	android:screenOrientation
		ADDED from AndroidManifest.xml:90:13
	android:label
		ADDED from AndroidManifest.xml:88:13
	android:noHistory
		ADDED from AndroidManifest.xml:89:13
	android:name
		ADDED from AndroidManifest.xml:87:13
activity#com.example.kym.BalanceActivity
ADDED from AndroidManifest.xml:92:9
	android:screenOrientation
		ADDED from AndroidManifest.xml:96:13
	android:label
		ADDED from AndroidManifest.xml:94:13
	android:noHistory
		ADDED from AndroidManifest.xml:95:13
	android:name
		ADDED from AndroidManifest.xml:93:13
activity#com.example.kym.BuySellActivity
ADDED from AndroidManifest.xml:98:9
	android:screenOrientation
		ADDED from AndroidManifest.xml:102:13
	android:label
		ADDED from AndroidManifest.xml:100:13
	android:noHistory
		ADDED from AndroidManifest.xml:101:13
	android:name
		ADDED from AndroidManifest.xml:99:13
activity#com.example.kym.CurrenyActivity
ADDED from AndroidManifest.xml:104:9
	android:screenOrientation
		ADDED from AndroidManifest.xml:108:13
	android:label
		ADDED from AndroidManifest.xml:106:13
	android:noHistory
		ADDED from AndroidManifest.xml:107:13
	android:name
		ADDED from AndroidManifest.xml:105:13
activity#com.example.kym.PortfolioActivity
ADDED from AndroidManifest.xml:110:9
	android:screenOrientation
		ADDED from AndroidManifest.xml:114:13
	android:label
		ADDED from AndroidManifest.xml:112:13
	android:noHistory
		ADDED from AndroidManifest.xml:113:13
	android:name
		ADDED from AndroidManifest.xml:111:13
activity#com.example.kym.QuotationActivity
ADDED from AndroidManifest.xml:116:9
	android:screenOrientation
		ADDED from AndroidManifest.xml:120:13
	android:label
		ADDED from AndroidManifest.xml:118:13
	android:noHistory
		ADDED from AndroidManifest.xml:119:13
	android:name
		ADDED from AndroidManifest.xml:117:13
activity#com.example.kym.MarketWatchActivity
ADDED from AndroidManifest.xml:122:9
	android:screenOrientation
		ADDED from AndroidManifest.xml:126:13
	android:label
		ADDED from AndroidManifest.xml:124:13
	android:noHistory
		ADDED from AndroidManifest.xml:125:13
	android:name
		ADDED from AndroidManifest.xml:123:13
activity#com.example.kym.AboutUsActivity
ADDED from AndroidManifest.xml:128:9
	android:screenOrientation
		ADDED from AndroidManifest.xml:132:13
	android:label
		ADDED from AndroidManifest.xml:130:13
	android:noHistory
		ADDED from AndroidManifest.xml:131:13
	android:name
		ADDED from AndroidManifest.xml:129:13
activity#com.example.kym.OrderBookActivity
ADDED from AndroidManifest.xml:134:9
	android:screenOrientation
		ADDED from AndroidManifest.xml:138:13
	android:label
		ADDED from AndroidManifest.xml:136:13
	android:noHistory
		ADDED from AndroidManifest.xml:137:13
	android:name
		ADDED from AndroidManifest.xml:135:13
activity#com.example.kym.OrderActivity
ADDED from AndroidManifest.xml:140:9
	android:screenOrientation
		ADDED from AndroidManifest.xml:144:13
	android:label
		ADDED from AndroidManifest.xml:142:13
	android:noHistory
		ADDED from AndroidManifest.xml:143:13
	android:name
		ADDED from AndroidManifest.xml:141:13
activity#com.example.kym.TradeBookActivity
ADDED from AndroidManifest.xml:146:9
	android:screenOrientation
		ADDED from AndroidManifest.xml:150:13
	android:label
		ADDED from AndroidManifest.xml:148:13
	android:noHistory
		ADDED from AndroidManifest.xml:149:13
	android:name
		ADDED from AndroidManifest.xml:147:13
activity#com.example.kym.TradeActivity
ADDED from AndroidManifest.xml:152:9
	android:screenOrientation
		ADDED from AndroidManifest.xml:156:13
	android:label
		ADDED from AndroidManifest.xml:154:13
	android:noHistory
		ADDED from AndroidManifest.xml:155:13
	android:name
		ADDED from AndroidManifest.xml:153:13
activity#com.example.kym.StockValueActivity
ADDED from AndroidManifest.xml:158:9
	android:screenOrientation
		ADDED from AndroidManifest.xml:162:13
	android:label
		ADDED from AndroidManifest.xml:160:13
	android:noHistory
		ADDED from AndroidManifest.xml:161:13
	android:name
		ADDED from AndroidManifest.xml:159:13
activity#com.example.kym.LaunchActivity
ADDED from AndroidManifest.xml:170:9
	android:screenOrientation
		ADDED from AndroidManifest.xml:173:13
	android:label
		ADDED from AndroidManifest.xml:172:13
	android:name
		ADDED from AndroidManifest.xml:171:13
intent-filter#android.intent.action.MAIN+android.intent.category.LAUNCHER
ADDED from AndroidManifest.xml:174:13
action#android.intent.action.MAIN
ADDED from AndroidManifest.xml:176:17
	android:name
		ADDED from AndroidManifest.xml:176:25
category#android.intent.category.LAUNCHER
ADDED from AndroidManifest.xml:178:17
	android:name
		ADDED from AndroidManifest.xml:178:27
activity#com.example.kym.GameSplashActivity
ADDED from AndroidManifest.xml:181:9
	android:screenOrientation
		ADDED from AndroidManifest.xml:184:13
	android:label
		ADDED from AndroidManifest.xml:183:13
	android:name
		ADDED from AndroidManifest.xml:182:13
activity#com.example.kym.Technical
ADDED from AndroidManifest.xml:186:9
	android:screenOrientation
		ADDED from AndroidManifest.xml:189:13
	android:label
		ADDED from AndroidManifest.xml:188:13
	android:name
		ADDED from AndroidManifest.xml:187:13
activity#com.example.kym.Accumulation
ADDED from AndroidManifest.xml:191:9
	android:screenOrientation
		ADDED from AndroidManifest.xml:194:13
	android:label
		ADDED from AndroidManifest.xml:193:13
	android:name
		ADDED from AndroidManifest.xml:192:13
activity#com.example.kym.Flags
ADDED from AndroidManifest.xml:196:9
	android:screenOrientation
		ADDED from AndroidManifest.xml:199:13
	android:label
		ADDED from AndroidManifest.xml:198:13
	android:name
		ADDED from AndroidManifest.xml:197:13
activity#com.example.kym.AccuSwing
ADDED from AndroidManifest.xml:201:9
	android:screenOrientation
		ADDED from AndroidManifest.xml:204:13
	android:label
		ADDED from AndroidManifest.xml:203:13
	android:name
		ADDED from AndroidManifest.xml:202:13
activity#com.example.kym.Bollinger
ADDED from AndroidManifest.xml:206:9
	android:screenOrientation
		ADDED from AndroidManifest.xml:209:13
	android:label
		ADDED from AndroidManifest.xml:208:13
	android:name
		ADDED from AndroidManifest.xml:207:13
activity#com.example.kym.Playing
ADDED from AndroidManifest.xml:211:9
	android:screenOrientation
		ADDED from AndroidManifest.xml:214:13
	android:label
		ADDED from AndroidManifest.xml:213:13
	android:name
		ADDED from AndroidManifest.xml:212:13
activity#com.example.kym.Breakout
ADDED from AndroidManifest.xml:216:9
	android:screenOrientation
		ADDED from AndroidManifest.xml:219:13
	android:label
		ADDED from AndroidManifest.xml:218:13
	android:name
		ADDED from AndroidManifest.xml:217:13
activity#com.example.kym.Volatile
ADDED from AndroidManifest.xml:221:9
	android:screenOrientation
		ADDED from AndroidManifest.xml:224:13
	android:label
		ADDED from AndroidManifest.xml:223:13
	android:name
		ADDED from AndroidManifest.xml:222:13
activity#com.example.kym.Vix
ADDED from AndroidManifest.xml:226:9
	android:screenOrientation
		ADDED from AndroidManifest.xml:229:13
	android:label
		ADDED from AndroidManifest.xml:228:13
	android:name
		ADDED from AndroidManifest.xml:227:13
activity#com.example.kym.Volume
ADDED from AndroidManifest.xml:231:9
	android:screenOrientation
		ADDED from AndroidManifest.xml:234:13
	android:label
		ADDED from AndroidManifest.xml:233:13
	android:name
		ADDED from AndroidManifest.xml:232:13
activity#com.example.kym.RSI
ADDED from AndroidManifest.xml:236:9
	android:screenOrientation
		ADDED from AndroidManifest.xml:239:13
	android:label
		ADDED from AndroidManifest.xml:238:13
	android:name
		ADDED from AndroidManifest.xml:237:13
activity#com.example.kym.ROC
ADDED from AndroidManifest.xml:241:9
	android:screenOrientation
		ADDED from AndroidManifest.xml:244:13
	android:label
		ADDED from AndroidManifest.xml:243:13
	android:name
		ADDED from AndroidManifest.xml:242:13
activity#com.example.kym.Pivot
ADDED from AndroidManifest.xml:246:9
	android:screenOrientation
		ADDED from AndroidManifest.xml:249:13
	android:label
		ADDED from AndroidManifest.xml:248:13
	android:name
		ADDED from AndroidManifest.xml:247:13
activity#com.example.kym.Basics
ADDED from AndroidManifest.xml:251:9
	android:screenOrientation
		ADDED from AndroidManifest.xml:254:13
	android:label
		ADDED from AndroidManifest.xml:253:13
	android:name
		ADDED from AndroidManifest.xml:252:13
activity#com.example.kym.Bear
ADDED from AndroidManifest.xml:256:9
	android:screenOrientation
		ADDED from AndroidManifest.xml:259:13
	android:label
		ADDED from AndroidManifest.xml:258:13
	android:name
		ADDED from AndroidManifest.xml:257:13
activity#com.example.kym.Bull
ADDED from AndroidManifest.xml:261:9
	android:screenOrientation
		ADDED from AndroidManifest.xml:264:13
	android:label
		ADDED from AndroidManifest.xml:263:13
	android:name
		ADDED from AndroidManifest.xml:262:13
activity#com.example.kym.Doji
ADDED from AndroidManifest.xml:266:9
	android:screenOrientation
		ADDED from AndroidManifest.xml:269:13
	android:label
		ADDED from AndroidManifest.xml:268:13
	android:name
		ADDED from AndroidManifest.xml:267:13
activity#com.example.kym.Hamm
ADDED from AndroidManifest.xml:271:9
	android:screenOrientation
		ADDED from AndroidManifest.xml:274:13
	android:label
		ADDED from AndroidManifest.xml:273:13
	android:name
		ADDED from AndroidManifest.xml:272:13
activity#com.example.kym.Windows
ADDED from AndroidManifest.xml:276:9
	android:screenOrientation
		ADDED from AndroidManifest.xml:279:13
	android:label
		ADDED from AndroidManifest.xml:278:13
	android:name
		ADDED from AndroidManifest.xml:277:13
activity#com.example.kym.Call
ADDED from AndroidManifest.xml:281:9
	android:screenOrientation
		ADDED from AndroidManifest.xml:284:13
	android:label
		ADDED from AndroidManifest.xml:283:13
	android:name
		ADDED from AndroidManifest.xml:282:13
activity#com.example.kym.BCS
ADDED from AndroidManifest.xml:286:9
	android:screenOrientation
		ADDED from AndroidManifest.xml:289:13
	android:label
		ADDED from AndroidManifest.xml:288:13
	android:name
		ADDED from AndroidManifest.xml:287:13
activity#com.example.kym.BPS
ADDED from AndroidManifest.xml:291:9
	android:screenOrientation
		ADDED from AndroidManifest.xml:294:13
	android:label
		ADDED from AndroidManifest.xml:293:13
	android:name
		ADDED from AndroidManifest.xml:292:13
activity#com.example.kym.HNS
ADDED from AndroidManifest.xml:296:9
	android:screenOrientation
		ADDED from AndroidManifest.xml:299:13
	android:label
		ADDED from AndroidManifest.xml:298:13
	android:name
		ADDED from AndroidManifest.xml:297:13
activity#com.example.kym.DT
ADDED from AndroidManifest.xml:301:9
	android:screenOrientation
		ADDED from AndroidManifest.xml:304:13
	android:label
		ADDED from AndroidManifest.xml:303:13
	android:name
		ADDED from AndroidManifest.xml:302:13
activity#com.example.kym.DB
ADDED from AndroidManifest.xml:306:9
	android:screenOrientation
		ADDED from AndroidManifest.xml:309:13
	android:label
		ADDED from AndroidManifest.xml:308:13
	android:name
		ADDED from AndroidManifest.xml:307:13
activity#com.example.kym.SNR
ADDED from AndroidManifest.xml:316:9
	android:screenOrientation
		ADDED from AndroidManifest.xml:319:13
	android:label
		ADDED from AndroidManifest.xml:318:13
	android:name
		ADDED from AndroidManifest.xml:317:13
activity#com.example.kym.Chart
ADDED from AndroidManifest.xml:321:9
	android:screenOrientation
		ADDED from AndroidManifest.xml:324:13
	android:label
		ADDED from AndroidManifest.xml:323:13
	android:name
		ADDED from AndroidManifest.xml:322:13
activity#com.example.kym.Option
ADDED from AndroidManifest.xml:326:9
	android:screenOrientation
		ADDED from AndroidManifest.xml:329:13
	android:label
		ADDED from AndroidManifest.xml:328:13
	android:name
		ADDED from AndroidManifest.xml:327:13
activity#com.example.kym.Candle
ADDED from AndroidManifest.xml:331:9
	android:screenOrientation
		ADDED from AndroidManifest.xml:334:13
	android:label
		ADDED from AndroidManifest.xml:333:13
	android:name
		ADDED from AndroidManifest.xml:332:13
activity#com.example.kym.Class2
ADDED from AndroidManifest.xml:336:9
	android:screenOrientation
		ADDED from AndroidManifest.xml:339:13
	android:label
		ADDED from AndroidManifest.xml:338:13
	android:name
		ADDED from AndroidManifest.xml:337:13
activity#com.example.kym.Put2
ADDED from AndroidManifest.xml:341:9
	android:screenOrientation
		ADDED from AndroidManifest.xml:344:13
	android:label
		ADDED from AndroidManifest.xml:343:13
	android:name
		ADDED from AndroidManifest.xml:342:13
activity#com.example.kym.Put
ADDED from AndroidManifest.xml:346:9
	android:screenOrientation
		ADDED from AndroidManifest.xml:349:13
	android:label
		ADDED from AndroidManifest.xml:348:13
	android:name
		ADDED from AndroidManifest.xml:347:13
activity#com.example.kym.History
ADDED from AndroidManifest.xml:351:9
	android:screenOrientation
		ADDED from AndroidManifest.xml:354:13
	android:label
		ADDED from AndroidManifest.xml:353:13
	android:name
		ADDED from AndroidManifest.xml:352:13
activity#com.example.kym.Sebi
ADDED from AndroidManifest.xml:356:9
	android:screenOrientation
		ADDED from AndroidManifest.xml:359:13
	android:label
		ADDED from AndroidManifest.xml:358:13
	android:name
		ADDED from AndroidManifest.xml:357:13
activity#com.example.kym.Stock
ADDED from AndroidManifest.xml:361:9
	android:screenOrientation
		ADDED from AndroidManifest.xml:364:13
	android:label
		ADDED from AndroidManifest.xml:363:13
	android:name
		ADDED from AndroidManifest.xml:362:13
activity#com.example.kym.FAQs
ADDED from AndroidManifest.xml:366:9
	android:screenOrientation
		ADDED from AndroidManifest.xml:369:13
	android:label
		ADDED from AndroidManifest.xml:368:13
	android:name
		ADDED from AndroidManifest.xml:367:13
activity#com.example.kym.Prefs
ADDED from AndroidManifest.xml:371:9
	android:screenOrientation
		ADDED from AndroidManifest.xml:374:13
	android:label
		ADDED from AndroidManifest.xml:373:13
	android:name
		ADDED from AndroidManifest.xml:372:13
intent-filter#android.intent.category.DEFAULT+com.example.kym.PREFS
ADDED from AndroidManifest.xml:375:13
action#com.example.kym.PREFS
ADDED from AndroidManifest.xml:376:17
	android:name
		ADDED from AndroidManifest.xml:376:25
category#android.intent.category.DEFAULT
ADDED from AndroidManifest.xml:378:17
	android:name
		ADDED from AndroidManifest.xml:378:27
activity#com.example.kym.ForgotPasswordActivity
ADDED from AndroidManifest.xml:381:9
	android:screenOrientation
		ADDED from AndroidManifest.xml:385:13
	android:label
		ADDED from AndroidManifest.xml:383:13
	android:noHistory
		ADDED from AndroidManifest.xml:384:13
	android:name
		ADDED from AndroidManifest.xml:382:13